[1128/144329.788:ERROR:process_reader_win.cc(242)] ReadMemory at 0x1010000 of 64 bytes failed: 仅完成部分的 ReadProcessMemory 或 WriteProcessMemory 请求。 (0x12B)
[1128/144329.839:WARNING:pe_image_reader.cc(302)] could not read dos header from C:\Program Files (x86)\2345Soft\2345Explorer\2345Explorer.exe
[1128/144329.840:ERROR:process_reader_win.cc(242)] ReadMemory at 0x771e0000 of 64 bytes failed: 仅完成部分的 ReadProcessMemory 或 WriteProcessMemory 请求。 (0x12B)
[1128/144329.840:WARNING:pe_image_reader.cc(302)] could not read dos header from C:\Windows\SYSTEM32\ntdll.dll
[1128/144329.840:ERROR:process_reader_win.cc(242)] ReadMemory at 0x75630000 of 64 bytes failed: 仅完成部分的 ReadProcessMemory 或 WriteProcessMemory 请求。 (0x12B)
[1128/144329.841:WARNING:pe_image_reader.cc(302)] could not read dos header from C:\Windows\System32\KERNEL32.DLL
[1128/144329.841:ERROR:process_reader_win.cc(242)] ReadMemory at 0x75130000 of 64 bytes failed: 仅完成部分的 ReadProcessMemory 或 WriteProcessMemory 请求。 (0x12B)
[1128/144329.841:WARNING:pe_image_reader.cc(302)] could not read dos header from C:\Windows\System32\KERNELBASE.dll
[1128/144329.841:ERROR:process_reader_win.cc(242)] ReadMemory at 0x77020000 of 64 bytes failed: 仅完成部分的 ReadProcessMemory 或 WriteProcessMemory 请求。 (0x12B)
[1128/144329.841:WARNING:pe_image_reader.cc(302)] could not read dos header from C:\Windows\System32\ADVAPI32.dll
[1128/144329.841:ERROR:process_reader_win.cc(242)] ReadMemory at 0x76f10000 of 64 bytes failed: 仅完成部分的 ReadProcessMemory 或 WriteProcessMemory 请求。 (0x12B)
[1128/144329.841:WARNING:pe_image_reader.cc(302)] could not read dos header from C:\Windows\System32\msvcrt.dll
[1128/144329.841:ERROR:process_reader_win.cc(242)] ReadMemory at 0x75080000 of 64 bytes failed: 仅完成部分的 ReadProcessMemory 或 WriteProcessMemory 请求。 (0x12B)
[1128/144329.841:WARNING:pe_image_reader.cc(302)] could not read dos header from C:\Windows\System32\sechost.dll
[1128/144329.841:ERROR:process_reader_win.cc(242)] ReadMemory at 0x75920000 of 64 bytes failed: 仅完成部分的 ReadProcessMemory 或 WriteProcessMemory 请求。 (0x12B)
[1128/144329.841:WARNING:pe_image_reader.cc(302)] could not read dos header from C:\Windows\System32\RPCRT4.dll
[1128/144329.841:ERROR:process_reader_win.cc(242)] ReadMemory at 0x73cb0000 of 64 bytes failed: 仅完成部分的 ReadProcessMemory 或 WriteProcessMemory 请求。 (0x12B)
[1128/144329.841:WARNING:pe_image_reader.cc(302)] could not read dos header from C:\Windows\System32\SspiCli.dll
[1128/144329.842:ERROR:process_reader_win.cc(242)] ReadMemory at 0x73ca0000 of 64 bytes failed: 仅完成部分的 ReadProcessMemory 或 WriteProcessMemory 请求。 (0x12B)
[1128/144329.842:WARNING:pe_image_reader.cc(302)] could not read dos header from C:\Windows\System32\CRYPTBASE.dll
[1128/144329.842:ERROR:process_reader_win.cc(242)] ReadMemory at 0x75f10000 of 64 bytes failed: 仅完成部分的 ReadProcessMemory 或 WriteProcessMemory 请求。 (0x12B)
[1128/144329.842:WARNING:pe_image_reader.cc(302)] could not read dos header from C:\Windows\System32\bcryptPrimitives.dll
[1128/144329.842:ERROR:process_reader_win.cc(242)] ReadMemory at 0x750e0000 of 64 bytes failed: 仅完成部分的 ReadProcessMemory 或 WriteProcessMemory 请求。 (0x12B)
[1128/144329.842:WARNING:pe_image_reader.cc(302)] could not read dos header from C:\Windows\System32\SHLWAPI.dll
[1128/144329.842:ERROR:process_reader_win.cc(242)] ReadMemory at 0x75300000 of 64 bytes failed: 仅完成部分的 ReadProcessMemory 或 WriteProcessMemory 请求。 (0x12B)
[1128/144329.842:WARNING:pe_image_reader.cc(302)] could not read dos header from C:\Windows\System32\combase.dll
[1128/144329.842:ERROR:process_reader_win.cc(242)] ReadMemory at 0x770b0000 of 64 bytes failed: 仅完成部分的 ReadProcessMemory 或 WriteProcessMemory 请求。 (0x12B)
[1128/144329.842:WARNING:pe_image_reader.cc(302)] could not read dos header from C:\Windows\System32\ucrtbase.dll
[1128/144329.842:ERROR:process_reader_win.cc(242)] ReadMemory at 0x76fd0000 of 64 bytes failed: 仅完成部分的 ReadProcessMemory 或 WriteProcessMemory 请求。 (0x12B)
[1128/144329.842:WARNING:pe_image_reader.cc(302)] could not read dos header from C:\Windows\System32\GDI32.dll
[1128/144329.842:ERROR:process_reader_win.cc(242)] ReadMemory at 0x76720000 of 64 bytes failed: 仅完成部分的 ReadProcessMemory 或 WriteProcessMemory 请求。 (0x12B)
[1128/144329.842:WARNING:pe_image_reader.cc(302)] could not read dos header from C:\Windows\System32\gdi32full.dll
[1128/144329.842:ERROR:process_reader_win.cc(242)] ReadMemory at 0x758a0000 of 64 bytes failed: 仅完成部分的 ReadProcessMemory 或 WriteProcessMemory 请求。 (0x12B)
[1128/144329.843:WARNING:pe_image_reader.cc(302)] could not read dos header from C:\Windows\System32\msvcp_win.dll
[1128/144329.843:ERROR:process_reader_win.cc(242)] ReadMemory at 0x75700000 of 64 bytes failed: 仅完成部分的 ReadProcessMemory 或 WriteProcessMemory 请求。 (0x12B)
[1128/144329.843:WARNING:pe_image_reader.cc(302)] could not read dos header from C:\Windows\System32\USER32.dll
[1128/144329.843:ERROR:process_reader_win.cc(242)] ReadMemory at 0x76960000 of 64 bytes failed: 仅完成部分的 ReadProcessMemory 或 WriteProcessMemory 请求。 (0x12B)
[1128/144329.843:WARNING:pe_image_reader.cc(302)] could not read dos header from C:\Windows\System32\win32u.dll
[1128/144329.843:ERROR:process_reader_win.cc(242)] ReadMemory at 0x73c90000 of 64 bytes failed: 仅完成部分的 ReadProcessMemory 或 WriteProcessMemory 请求。 (0x12B)
[1128/144329.843:WARNING:pe_image_reader.cc(302)] could not read dos header from C:\Windows\SYSTEM32\VERSION.dll
[1128/144329.843:ERROR:process_reader_win.cc(242)] ReadMemory at 0x71460000 of 64 bytes failed: 仅完成部分的 ReadProcessMemory 或 WriteProcessMemory 请求。 (0x12B)
[1128/144329.843:WARNING:pe_image_reader.cc(302)] could not read dos header from C:\Windows\SYSTEM32\WINMM.dll
[1128/144329.843:ERROR:process_reader_win.cc(242)] ReadMemory at 0x713c0000 of 64 bytes failed: 仅完成部分的 ReadProcessMemory 或 WriteProcessMemory 请求。 (0x12B)
[1128/144329.843:WARNING:pe_image_reader.cc(302)] could not read dos header from C:\Windows\SYSTEM32\WINMMBASE.dll
[1128/144329.843:ERROR:process_reader_win.cc(242)] ReadMemory at 0x76880000 of 64 bytes failed: 仅完成部分的 ReadProcessMemory 或 WriteProcessMemory 请求。 (0x12B)
[1128/144329.844:WARNING:pe_image_reader.cc(302)] could not read dos header from C:\Windows\System32\cfgmgr32.dll
[1128/144329.844:ERROR:process_reader_win.cc(242)] ReadMemory at 0x75f70000 of 64 bytes failed: 仅完成部分的 ReadProcessMemory 或 WriteProcessMemory 请求。 (0x12B)
[1128/144329.844:WARNING:pe_image_reader.cc(302)] could not read dos header from C:\Windows\System32\IMM32.DLL
[1128/144329.844:ERROR:process_reader_win.cc(242)] ReadMemory at 0x73d30000 of 64 bytes failed: 仅完成部分的 ReadProcessMemory 或 WriteProcessMemory 请求。 (0x12B)
[1128/144329.844:WARNING:pe_image_reader.cc(302)] could not read dos header from C:\Windows\System32\SHELL32.dll
[1128/144329.844:ERROR:process_reader_win.cc(242)] ReadMemory at 0x759e0000 of 64 bytes failed: 仅完成部分的 ReadProcessMemory 或 WriteProcessMemory 请求。 (0x12B)
[1128/144329.844:WARNING:pe_image_reader.cc(302)] could not read dos header from C:\Windows\System32\shcore.dll
[1128/144329.844:ERROR:process_reader_win.cc(242)] ReadMemory at 0x76980000 of 64 bytes failed: 仅完成部分的 ReadProcessMemory 或 WriteProcessMemory 请求。 (0x12B)
[1128/144329.844:WARNING:pe_image_reader.cc(302)] could not read dos header from C:\Windows\System32\windows.storage.dll
[1128/144329.844:ERROR:process_reader_win.cc(242)] ReadMemory at 0x750d0000 of 64 bytes failed: 仅完成部分的 ReadProcessMemory 或 WriteProcessMemory 请求。 (0x12B)
[1128/144329.844:WARNING:pe_image_reader.cc(302)] could not read dos header from C:\Windows\System32\kernel.appcore.dll
[1128/144329.844:ERROR:process_reader_win.cc(242)] ReadMemory at 0x75840000 of 64 bytes failed: 仅完成部分的 ReadProcessMemory 或 WriteProcessMemory 请求。 (0x12B)
[1128/144329.844:WARNING:pe_image_reader.cc(302)] could not read dos header from C:\Windows\System32\powrprof.dll
[1128/144329.844:ERROR:process_reader_win.cc(242)] ReadMemory at 0x76710000 of 64 bytes failed: 仅完成部分的 ReadProcessMemory 或 WriteProcessMemory 请求。 (0x12B)
[1128/144329.845:WARNING:pe_image_reader.cc(302)] could not read dos header from C:\Windows\System32\profapi.dll
[1128/144329.845:ERROR:process_reader_win.cc(242)] ReadMemory at 0x73c60000 of 64 bytes failed: 仅完成部分的 ReadProcessMemory 或 WriteProcessMemory 请求。 (0x12B)
[1128/144329.845:WARNING:pe_image_reader.cc(302)] could not read dos header from C:\Windows\SYSTEM32\USERENV.dll
[1128/144329.845:ERROR:process_reader_win.cc(242)] ReadMemory at 0x5e60000 of 64 bytes failed: 仅完成部分的 ReadProcessMemory 或 WriteProcessMemory 请求。 (0x12B)
[1128/144329.845:WARNING:pe_image_reader.cc(302)] could not read dos header from C:\Program Files (x86)\2345Soft\2345Explorer\chrome_elf.dll
[1128/144329.845:ERROR:process_reader_win.cc(242)] ReadMemory at 0x75ac0000 of 64 bytes failed: 仅完成部分的 ReadProcessMemory 或 WriteProcessMemory 请求。 (0x12B)
[1128/144329.845:WARNING:pe_image_reader.cc(302)] could not read dos header from C:\Windows\System32\ole32.dll
[1128/144329.845:ERROR:process_reader_win.cc(242)] ReadMemory at 0x73a00000 of 64 bytes failed: 仅完成部分的 ReadProcessMemory 或 WriteProcessMemory 请求。 (0x12B)
[1128/144329.845:WARNING:pe_image_reader.cc(302)] could not read dos header from C:\Windows\SYSTEM32\IPHLPAPI.DLL
[1128/144329.845:ERROR:process_reader_win.cc(242)] ReadMemory at 0xf2a0000 of 64 bytes failed: 仅完成部分的 ReadProcessMemory 或 WriteProcessMemory 请求。 (0x12B)
[1128/144329.845:WARNING:pe_image_reader.cc(302)] could not read dos header from C:\Program Files (x86)\2345Soft\2345Explorer\chrome_initial.dll
[1128/144329.845:ERROR:process_reader_win.cc(242)] ReadMemory at 0x75fa0000 of 64 bytes failed: 仅完成部分的 ReadProcessMemory 或 WriteProcessMemory 请求。 (0x12B)
[1128/144329.845:WARNING:pe_image_reader.cc(302)] could not read dos header from C:\Windows\System32\WS2_32.dll
[1128/144329.845:ERROR:process_reader_win.cc(242)] ReadMemory at 0x72e50000 of 64 bytes failed: 仅完成部分的 ReadProcessMemory 或 WriteProcessMemory 请求。 (0x12B)
[1128/144329.845:WARNING:pe_image_reader.cc(302)] could not read dos header from C:\Windows\SYSTEM32\dbghelp.dll
[1128/144329.845:ERROR:process_reader_win.cc(242)] ReadMemory at 0x6fb80000 of 64 bytes failed: 仅完成部分的 ReadProcessMemory 或 WriteProcessMemory 请求。 (0x12B)
[1128/144329.845:WARNING:pe_image_reader.cc(302)] could not read dos header from C:\Windows\SYSTEM32\WINHTTP.dll
[1128/144329.846:ERROR:process_reader_win.cc(242)] ReadMemory at 0x6fc30000 of 64 bytes failed: 仅完成部分的 ReadProcessMemory 或 WriteProcessMemory 请求。 (0x12B)
[1128/144329.846:WARNING:pe_image_reader.cc(302)] could not read dos header from C:\Windows\SYSTEM32\dbgcore.DLL
[1128/144329.846:ERROR:process_reader_win.cc(242)] ReadMemory at 0xfd00000 of 64 bytes failed: 仅完成部分的 ReadProcessMemory 或 WriteProcessMemory 请求。 (0x12B)
[1128/144329.846:WARNING:pe_image_reader.cc(302)] could not read dos header from C:\Program Files (x86)\2345Soft\2345Explorer\chrome_child.dll
[1128/144329.846:ERROR:process_reader_win.cc(242)] ReadMemory at 0x76010000 of 64 bytes failed: 仅完成部分的 ReadProcessMemory 或 WriteProcessMemory 请求。 (0x12B)
[1128/144329.846:WARNING:pe_image_reader.cc(302)] could not read dos header from C:\Windows\System32\OLEAUT32.dll
[1128/144329.846:ERROR:process_reader_win.cc(242)] ReadMemory at 0x75540000 of 64 bytes failed: 仅完成部分的 ReadProcessMemory 或 WriteProcessMemory 请求。 (0x12B)
[1128/144329.846:WARNING:pe_image_reader.cc(302)] could not read dos header from C:\Windows\System32\COMDLG32.dll
[1128/144329.846:ERROR:process_reader_win.cc(242)] ReadMemory at 0x76110000 of 64 bytes failed: 仅完成部分的 ReadProcessMemory 或 WriteProcessMemory 请求。 (0x12B)
[1128/144329.846:WARNING:pe_image_reader.cc(302)] could not read dos header from C:\Windows\System32\CRYPT32.dll
[1128/144329.846:ERROR:process_reader_win.cc(242)] ReadMemory at 0x768c0000 of 64 bytes failed: 仅完成部分的 ReadProcessMemory 或 WriteProcessMemory 请求。 (0x12B)
[1128/144329.846:WARNING:pe_image_reader.cc(302)] could not read dos header from C:\Windows\System32\MSASN1.dll
[1128/144329.846:ERROR:process_reader_win.cc(242)] ReadMemory at 0x77000000 of 64 bytes failed: 仅完成部分的 ReadProcessMemory 或 WriteProcessMemory 请求。 (0x12B)
[1128/144329.846:WARNING:pe_image_reader.cc(302)] could not read dos header from C:\Windows\System32\imagehlp.dll
[1128/144329.846:ERROR:process_reader_win.cc(242)] ReadMemory at 0x50120000 of 64 bytes failed: 仅完成部分的 ReadProcessMemory 或 WriteProcessMemory 请求。 (0x12B)
[1128/144329.846:WARNING:pe_image_reader.cc(302)] could not read dos header from C:\Windows\SYSTEM32\msdmo.dll
[1128/144329.846:ERROR:process_reader_win.cc(242)] ReadMemory at 0x6af10000 of 64 bytes failed: 仅完成部分的 ReadProcessMemory 或 WriteProcessMemory 请求。 (0x12B)
[1128/144329.846:WARNING:pe_image_reader.cc(302)] could not read dos header from C:\Windows\SYSTEM32\OLEACC.dll
[1128/144329.846:ERROR:process_reader_win.cc(242)] ReadMemory at 0x73a30000 of 64 bytes failed: 仅完成部分的 ReadProcessMemory 或 WriteProcessMemory 请求。 (0x12B)
[1128/144329.847:WARNING:pe_image_reader.cc(302)] could not read dos header from C:\Windows\SYSTEM32\NETAPI32.dll
[1128/144329.847:ERROR:process_reader_win.cc(242)] ReadMemory at 0x717d0000 of 64 bytes failed: 仅完成部分的 ReadProcessMemory 或 WriteProcessMemory 请求。 (0x12B)
[1128/144329.847:WARNING:pe_image_reader.cc(302)] could not read dos header from C:\Windows\WinSxS\x86_microsoft.windows.common-controls_6595b64144ccf1df_6.0.15063.0_none_583b8639f462029f\COMCTL32.dll
[1128/144329.847:ERROR:process_reader_win.cc(242)] ReadMemory at 0x713f0000 of 64 bytes failed: 仅完成部分的 ReadProcessMemory 或 WriteProcessMemory 请求。 (0x12B)
[1128/144329.847:WARNING:pe_image_reader.cc(302)] could not read dos header from C:\Windows\SYSTEM32\WINSPOOL.DRV
[1128/144329.847:ERROR:process_reader_win.cc(242)] ReadMemory at 0x6a5e0000 of 64 bytes failed: 仅完成部分的 ReadProcessMemory 或 WriteProcessMemory 请求。 (0x12B)
[1128/144329.847:WARNING:pe_image_reader.cc(302)] could not read dos header from C:\Windows\SYSTEM32\USP10.dll
[1128/144329.847:ERROR:process_reader_win.cc(242)] ReadMemory at 0x6ff90000 of 64 bytes failed: 仅完成部分的 ReadProcessMemory 或 WriteProcessMemory 请求。 (0x12B)
[1128/144329.847:WARNING:pe_image_reader.cc(302)] could not read dos header from C:\Windows\SYSTEM32\urlmon.dll
[1128/144329.847:ERROR:process_reader_win.cc(242)] ReadMemory at 0x714a0000 of 64 bytes failed: 仅完成部分的 ReadProcessMemory 或 WriteProcessMemory 请求。 (0x12B)
[1128/144329.847:WARNING:pe_image_reader.cc(302)] could not read dos header from C:\Windows\SYSTEM32\Secur32.dll
[1128/144329.847:ERROR:process_reader_win.cc(242)] ReadMemory at 0x73250000 of 64 bytes failed: 仅完成部分的 ReadProcessMemory 或 WriteProcessMemory 请求。 (0x12B)
[1128/144329.847:WARNING:pe_image_reader.cc(302)] could not read dos header from C:\Windows\SYSTEM32\dhcpcsvc.DLL
[1128/144329.847:ERROR:process_reader_win.cc(242)] ReadMemory at 0x771d0000 of 64 bytes failed: 仅完成部分的 ReadProcessMemory 或 WriteProcessMemory 请求。 (0x12B)
[1128/144329.847:WARNING:pe_image_reader.cc(302)] could not read dos header from C:\Windows\System32\NSI.dll
[1128/144329.847:ERROR:process_reader_win.cc(242)] ReadMemory at 0x73610000 of 64 bytes failed: 仅完成部分的 ReadProcessMemory 或 WriteProcessMemory 请求。 (0x12B)
[1128/144329.847:WARNING:pe_image_reader.cc(302)] could not read dos header from C:\Windows\SYSTEM32\bcrypt.dll
[1128/144329.847:ERROR:process_reader_win.cc(242)] ReadMemory at 0x6fd70000 of 64 bytes failed: 仅完成部分的 ReadProcessMemory 或 WriteProcessMemory 请求。 (0x12B)
[1128/144329.847:WARNING:pe_image_reader.cc(302)] could not read dos header from C:\Windows\SYSTEM32\iertutil.dll
[1128/144329.848:ERROR:process_reader_win.cc(242)] ReadMemory at 0x73640000 of 64 bytes failed: 仅完成部分的 ReadProcessMemory 或 WriteProcessMemory 请求。 (0x12B)
[1128/144329.848:WARNING:pe_image_reader.cc(302)] could not read dos header from C:\Windows\SYSTEM32\NETUTILS.DLL
[1128/144329.848:ERROR:process_reader_win.cc(242)] ReadMemory at 0x70890000 of 64 bytes failed: 仅完成部分的 ReadProcessMemory 或 WriteProcessMemory 请求。 (0x12B)
[1128/144329.848:WARNING:pe_image_reader.cc(302)] could not read dos header from C:\Windows\SYSTEM32\SAMCLI.DLL
[1128/144329.848:ERROR:process_reader_win.cc(242)] ReadMemory at 0x67af0000 of 64 bytes failed: 仅完成部分的 ReadProcessMemory 或 WriteProcessMemory 请求。 (0x12B)
[1128/144329.848:WARNING:pe_image_reader.cc(302)] could not read dos header from C:\Windows\SYSTEM32\dxgi.dll
[1128/144329.848:ERROR:process_reader_win.cc(242)] ReadMemory at 0x68940000 of 64 bytes failed: 仅完成部分的 ReadProcessMemory 或 WriteProcessMemory 请求。 (0x12B)
[1128/144329.848:WARNING:pe_image_reader.cc(302)] could not read dos header from C:\Windows\SYSTEM32\dwrite.dll
[1128/144329.848:ERROR:process_reader_win.cc(242)] ReadMemory at 0x75890000 of 64 bytes failed: 仅完成部分的 ReadProcessMemory 或 WriteProcessMemory 请求。 (0x12B)
[1128/144329.848:WARNING:pe_image_reader.cc(302)] could not read dos header from C:\Windows\System32\psapi.dll
[1128/144330.319:ERROR:process_reader_win.cc(242)] ReadMemory at 0x3c5000 of 45056 bytes failed: 仅完成部分的 ReadProcessMemory 或 WriteProcessMemory 请求。 (0x12B)
[1128/144330.319:ERROR:crash_report_exception_handler.cc(160)] WriteEverything failed
[1128/144330.319:ERROR:scoped_process_suspend.cc(40)] NtResumeProcess: 已尝试访问正在退出的过程。 (0xc000010a)
